[22:17:19] [Render thread/INFO]: Environment: authHost='https://authserver.mojang.com', accountsHost='https://api.mojang.com', sessionHost='https://sessionserver.mojang.com', servicesHost='https://api.minecraftservices.com', name='PROD'
[22:17:20] [Render thread/ERROR]: Failed to verify authentication
com.mojang.authlib.exceptions.InvalidCredentialsException: Status: 401
	at com.mojang.authlib.exceptions.MinecraftClientHttpException.toAuthenticationException(MinecraftClientHttpException.java:56) ~[authlib-2.3.31.jar:?]
	at com.mojang.authlib.yggdrasil.YggdrasilSocialInteractionsService.checkPrivileges(YggdrasilSocialInteractionsService.java:112) ~[authlib-2.3.31.jar:?]
	at com.mojang.authlib.yggdrasil.YggdrasilSocialInteractionsService.<init>(YggdrasilSocialInteractionsService.java:42) ~[authlib-2.3.31.jar:?]
	at com.mojang.authlib.yggdrasil.YggdrasilAuthenticationService.createSocialInteractionsService(YggdrasilAuthenticationService.java:151) ~[authlib-2.3.31.jar:?]
	at dvp.a(SourceFile:670) [1.17.1.jar:?]
	at dvp.<init>(SourceFile:429) [1.17.1.jar:?]
	at net.minecraft.client.main.Main.main(SourceFile:179) [1.17.1.jar:?]
Caused by: com.mojang.authlib.exceptions.MinecraftClientHttpException: Status: 401
	at com.mojang.authlib.minecraft.client.MinecraftClient.readInputStream(MinecraftClient.java:77) ~[authlib-2.3.31.jar:?]
	at com.mojang.authlib.minecraft.client.MinecraftClient.get(MinecraftClient.java:47) ~[authlib-2.3.31.jar:?]
	at com.mojang.authlib.yggdrasil.YggdrasilSocialInteractionsService.checkPrivileges(YggdrasilSocialInteractionsService.java:104) ~[authlib-2.3.31.jar:?]
	... 5 more
[22:17:20] [Render thread/INFO]: Setting user: Bre3n
[22:17:20] [Render thread/INFO]: Backend library: LWJGL version 3.2.2 build 10
[22:17:21] [Render thread/INFO]: Narrator library for x64 successfully loaded
[22:17:21] [Render thread/INFO]: Reloading ResourceManager: Default
[22:17:22] [Realms Notification Availability checker #1/INFO]: Could not authorize you against Realms server: Invalid session id
[22:17:25] [Render thread/INFO]: OpenAL initialized.
[22:17:25] [Render thread/INFO]: Sound engine started
[22:17:26] [Render thread/INFO]: Created: 1024x1024x4 minecraft:textures/atlas/blocks.png-atlas
[22:17:26] [Render thread/INFO]: Created: 256x128x4 minecraft:textures/atlas/signs.png-atlas
[22:17:26] [Render thread/INFO]: Created: 1024x512x4 minecraft:textures/atlas/banner_patterns.png-atlas
[22:17:26] [Render thread/INFO]: Created: 1024x512x4 minecraft:textures/atlas/shield_patterns.png-atlas
[22:17:26] [Render thread/INFO]: Created: 256x256x4 minecraft:textures/atlas/chest.png-atlas
[22:17:26] [Render thread/INFO]: Created: 512x256x4 minecraft:textures/atlas/beds.png-atlas
[22:17:26] [Render thread/INFO]: Created: 512x256x4 minecraft:textures/atlas/shulker_boxes.png-atlas
[22:17:27] [Render thread/INFO]: Created: 256x256x0 minecraft:textures/atlas/particles.png-atlas
[22:17:27] [Render thread/INFO]: Created: 256x256x0 minecraft:textures/atlas/paintings.png-atlas
[22:17:27] [Render thread/INFO]: Created: 256x128x0 minecraft:textures/atlas/mob_effects.png-atlas
[22:17:33] [Render thread/WARN]: Ambiguity between arguments [teleport, location] and [teleport, destination] with inputs: [0.1 -0.5 .9, 0 0 0]
[22:17:33] [Render thread/WARN]: Ambiguity between arguments [teleport, location] and [teleport, targets] with inputs: [0.1 -0.5 .9, 0 0 0]
[22:17:33] [Render thread/WARN]: Ambiguity between arguments [teleport, destination] and [teleport, targets] with inputs: [Player, 0123, @e, dd12be42-52a9-4a91-a8a1-11c01849e498]
[22:17:33] [Render thread/WARN]: Ambiguity between arguments [teleport, targets] and [teleport, destination] with inputs: [Player, 0123, dd12be42-52a9-4a91-a8a1-11c01849e498]
[22:17:33] [Render thread/WARN]: Ambiguity between arguments [teleport, targets, location] and [teleport, targets, destination] with inputs: [0.1 -0.5 .9, 0 0 0]
[22:17:33] [Render thread/INFO]: Reloading ResourceManager: Default
[22:17:34] [Render thread/INFO]: Loaded 7 recipes
[22:17:34] [Render thread/INFO]: Loaded 1137 advancements
[22:17:35] [Render thread/INFO]: Environment: authHost='https://authserver.mojang.com', accountsHost='https://api.mojang.com', sessionHost='https://sessionserver.mojang.com', servicesHost='https://api.minecraftservices.com', name='PROD'
[22:17:35] [Server thread/INFO]: Starting integrated minecraft server version 1.17.1
[22:17:35] [Server thread/INFO]: Generating keypair
[22:17:35] [Server thread/INFO]: Preparing start region for dimension minecraft:overworld
[22:17:35] [Render thread/INFO]: Preparing spawn area: 0%
[22:17:35] [Render thread/INFO]: Preparing spawn area: 0%
[22:17:36] [Render thread/INFO]: Preparing spawn area: 0%
[22:17:39] [Render thread/INFO]: Preparing spawn area: 0%
[22:17:39] [Render thread/INFO]: Preparing spawn area: 0%
[22:17:39] [Render thread/INFO]: Preparing spawn area: 0%
[22:17:39] [Render thread/INFO]: Preparing spawn area: 0%
[22:17:39] [Render thread/INFO]: Preparing spawn area: 0%
[22:17:39] [Render thread/INFO]: Preparing spawn area: 31%
[22:17:39] [Render thread/INFO]: Preparing spawn area: 72%
[22:17:39] [Render thread/INFO]: Time elapsed: 4534 ms
[22:17:40] [Server thread/INFO]: Changing view distance to 11, from 10
[22:17:40] [Server thread/INFO]: Bre3n[local:E:fc3ba78b] logged in with entity id 204 at (-198.83483212869754, 73.0, -222.11389488207232)
[22:17:40] [Server thread/INFO]: Bre3n joined the game
[22:17:40] [Server thread/INFO]: Saving and pausing game...
[22:17:40] [Server thread/INFO]: Saving chunks for level 'ServerLevel[New World]'/minecraft:overworld
[22:17:40] [Render thread/INFO]: Loaded 7 advancements
[22:17:40] [Server thread/INFO]: Saving chunks for level 'ServerLevel[New World]'/minecraft:the_nether
[22:17:40] [Server thread/INFO]: Saving chunks for level 'ServerLevel[New World]'/minecraft:the_end
[22:17:58] [Server thread/INFO]: [Bre3n: Set own game mode to Creative Mode]
[22:17:58] [Render thread/INFO]: [CHAT] Set own game mode to Creative Mode
[22:18:00] [Server thread/INFO]: Saving and pausing game...
[22:18:00] [Server thread/INFO]: Saving chunks for level 'ServerLevel[New World]'/minecraft:overworld
[22:18:00] [Server thread/INFO]: Saving chunks for level 'ServerLevel[New World]'/minecraft:the_nether
[22:18:00] [Server thread/INFO]: Saving chunks for level 'ServerLevel[New World]'/minecraft:the_end
[22:18:31] [Render thread/INFO]: Stopping!
[22:18:31] [Server thread/INFO]: Bre3n lost connection: Disconnected
[22:18:31] [Server thread/INFO]: Bre3n left the game
[22:18:31] [Server thread/INFO]: Stopping singleplayer server as player logged out
[22:18:31] [Server thread/INFO]: Stopping server
[22:18:31] [Server thread/INFO]: Saving players
[22:18:31] [Server thread/INFO]: Saving worlds
[22:18:31] [Server thread/INFO]: Saving chunks for level 'ServerLevel[New World]'/minecraft:overworld
[22:18:32] [Server thread/INFO]: Saving chunks for level 'ServerLevel[New World]'/minecraft:the_nether
[22:18:32] [Server thread/INFO]: Saving chunks for level 'ServerLevel[New World]'/minecraft:the_end
[22:18:32] [Server thread/INFO]: ThreadedAnvilChunkStorage (New World): All chunks are saved
[22:18:32] [Server thread/INFO]: ThreadedAnvilChunkStorage (DIM-1): All chunks are saved
[22:18:32] [Server thread/INFO]: ThreadedAnvilChunkStorage (DIM1): All chunks are saved
[22:18:32] [Server thread/INFO]: ThreadedAnvilChunkStorage: All dimensions are saved
